[debug] [2025-10-14T06:41:32.487Z] ----------------------------------------------------------------------
[debug] [2025-10-14T06:41:32.492Z] Command:       C:\nvm4w\nodejs\node.exe C:\Users\Pichau\AppData\Roaming\npm\node_modules\firebase-tools\lib\bin\firebase.js login:ci
[debug] [2025-10-14T06:41:32.493Z] CLI Version:   14.19.1
[debug] [2025-10-14T06:41:32.493Z] Platform:      win32
[debug] [2025-10-14T06:41:32.494Z] Node Version:  v20.19.5
[debug] [2025-10-14T06:41:32.494Z] Time:          Tue Oct 14 2025 03:41:32 GMT-0300 (Horário Padrão de Brasília)
[debug] [2025-10-14T06:41:32.494Z] ----------------------------------------------------------------------
[debug] 
[warn] !  Authenticating with a `login:ci` token is deprecated and will be removed in a future major version of `firebase-tools`. Instead, use a service account key with `GOOGLE_APPLICATION_CREDENTIALS`: https://cloud.google.com/docs/authentication/getting-started 
[info] 
[info] Visit this URL on this device to log in:
[info] https://accounts.google.com/o/oauth2/auth?client_id=563584335869-fgrhgmd47bqnekij5i8b5pr03ho849e6.apps.googleusercontent.com&scope=email%20openid%20https%3A%2F%2Fwww.googleapis.com%2Fauth%2Fcloudplatformprojects.readonly%20https%3A%2F%2Fwww.googleapis.com%2Fauth%2Ffirebase%20https%3A%2F%2Fwww.googleapis.com%2Fauth%2Fcloud-platform&response_type=code&state=510265606&redirect_uri=http%3A%2F%2Flocalhost%3A9005
[info] 
[info] Waiting for authentication...
[debug] [2025-10-14T06:41:33.080Z] Error: spawn cmd ENOENT
    at ChildProcess._handle.onexit (node:internal/child_process:285:19)
    at onErrorNT (node:internal/child_process:483:16)
    at process.processTicksAndRejections (node:internal/process/task_queues:82:21)
[error] 
[error] Error: An unexpected error has occurred.
[debug] [2025-10-14T06:41:42.307Z] ----------------------------------------------------------------------
[debug] [2025-10-14T06:41:42.312Z] Command:       C:\nvm4w\nodejs\node.exe C:\Users\Pichau\AppData\Roaming\npm\node_modules\firebase-tools\lib\bin\firebase.js login:ci
[debug] [2025-10-14T06:41:42.313Z] CLI Version:   14.19.1
[debug] [2025-10-14T06:41:42.313Z] Platform:      win32
[debug] [2025-10-14T06:41:42.313Z] Node Version:  v20.19.5
[debug] [2025-10-14T06:41:42.313Z] Time:          Tue Oct 14 2025 03:41:42 GMT-0300 (Horário Padrão de Brasília)
[debug] [2025-10-14T06:41:42.314Z] ----------------------------------------------------------------------
[debug] 
[warn] !  Authenticating with a `login:ci` token is deprecated and will be removed in a future major version of `firebase-tools`. Instead, use a service account key with `GOOGLE_APPLICATION_CREDENTIALS`: https://cloud.google.com/docs/authentication/getting-started 
[info] 
[info] Visit this URL on this device to log in:
[info] https://accounts.google.com/o/oauth2/auth?client_id=563584335869-fgrhgmd47bqnekij5i8b5pr03ho849e6.apps.googleusercontent.com&scope=email%20openid%20https%3A%2F%2Fwww.googleapis.com%2Fauth%2Fcloudplatformprojects.readonly%20https%3A%2F%2Fwww.googleapis.com%2Fauth%2Ffirebase%20https%3A%2F%2Fwww.googleapis.com%2Fauth%2Fcloud-platform&response_type=code&state=581869049&redirect_uri=http%3A%2F%2Flocalhost%3A9005
[info] 
[info] Waiting for authentication...
[debug] [2025-10-14T06:41:43.189Z] Error: spawn cmd ENOENT
    at ChildProcess._handle.onexit (node:internal/child_process:285:19)
    at onErrorNT (node:internal/child_process:483:16)
    at process.processTicksAndRejections (node:internal/process/task_queues:82:21)
[error] 
[error] Error: An unexpected error has occurred.
